 SIZE   RSS    VSZ
 1768  5620  21192
 3120  7572  22544
29804 43324 183988
30496 44116 184680
30496 44116 184680
30636 44116 184820
30636 44368 184820
30636 44368 184820
31304 44880 185488
40620 54384 194804
49216 62844 203400
57808 71292 211992
65604 79212 219788
74344 87924 228528
79360 92940 233544
92316 105876 246500
100928 114588 255112
105152 118812 259336
113080 126732 267264
121672 135444 275856
126688 140460 280872
139720 153396 293904
143944 157620 298128
151892 165540 306076
160532 173988 314716
165556 179268 319740
174136 187716 328320
187128 200652 341312
191352 204876 345536
199284 212796 353468
208684 222300 362868
213040 226524 367224
221504 235236 375688
229424 243156 383608
238004 251604 392188
247472 261108 401656
251696 265332 405880
264580 278268 418764
268280 281964 422464
276884 290412 431068
281904 295692 436088
290484 304140 444668
299216 312852 453400
307812 321300 461996
315732 329220 469916
324196 337932 478380
333668 347172 487852
342268 355884 496452
346492 360108 500676
355208 368820 509392
363128 376740 517312
368168 381756 522352
381076 394692 535260
389676 403140 543860
398164 411852 552348
401860 415548 556044
410440 423996 564624
415460 429012 569644
424196 437724 578380
432776 446436 586960
445608 459372 599792
449172 462804 603356
458648 472308 612832
467248 480756 621432
471604 485244 625788
480196 493692 634380
487984 501612 642168
497436 511116 651620
501660 515340 655844
510384 524052 664568
523300 536988 677484
527524 541212 681708
536224 549924 690408
544828 558372 699012
549204 562860 703388
562028 575532 716212
566384 580020 720568
574976 588468 729160
582916 596388 737100
587932 601668 742116
596564 610116 750748
605156 618828 759340
613736 627276 767920
621656 635196 775840
630236 643908 784420
635920 649632 790104
1231516 1245308 1385700
1231648 1245344 1385832
1231648 1245344 1385832
1231796 1245344 1385980
1231796 1245344 1385980
1231796 1245604 1385980
1231928 1245604 1386112
1231928 1245604 1386112
1232060 1245604 1386244
1232060 1245604 1386244
1232060 1245868 1386244
1232192 1245868 1386376
1232340 1245868 1386524
1232340 1245868 1386524
1232340 1245868 1386524
1232340 1246132 1386524
1232476 1246132 1386660
1232476 1246132 1386660
1232608 1246132 1386792
1232608 1246396 1386792
1232744 1246396 1386928
1232744 1246396 1386928
1232744 1246396 1386928
1232876 1246396 1387060
1232876 1246660 1387060
1233008 1246660 1387192
1233008 1246660 1387192
1233144 1246660 1387328
1233144 1246660 1387328
1233144 1246924 1387328
1233288 1246924 1387472
1233288 1246924 1387472
1233432 1246924 1387616
1233432 1247188 1387616
1233432 1247224 1387616
1233564 1247292 1387748
1233564 1247352 1387748
1233704 1247376 1387888
1233704 1247440 1387888
1233704 1247500 1387888
1233844 1247548 1388028
1233844 1247600 1388028
1233844 1247600 1388028
1233980 1247688 1388164
1233980 1247740 1388164
1234116 1247800 1388300
1234116 1247868 1388300
1234116 1247888 1388300
1234248 1247940 1388432
1234248 1248024 1388432
1234248 1248072 1388432
1234396 1248092 1388580
1234396 1248160 1388580
1234532 1248212 1388716
1234532 1248236 1388716
1234532 1248344 1388716
1234680 1248372 1388864
1234680 1248420 1388864
1234680 1248476 1388864
1234812 1248596 1388996
1234956 1248776 1389140
1235088 1248804 1389272
1235088 1248880 1389272
1235220 1248936 1389404
1235220 1249012 1389404
1235352 1249076 1389536
1235352 1249108 1389536
1235484 1249168 1389668
1235484 1249228 1389668
1235628 1249268 1389812
1235628 1249352 1389812
1235628 1249380 1389812
1235768 1249444 1389952
1235768 1249500 1389952
1235768 1249556 1389952
1235900 1249588 1390084
1235900 1249648 1390084
1239928 1253560 1394112
1239928 1253676 1394112
1239928 1253676 1394112
1239928 1253676 1394112
1239928 1253676 1394112
1239928 1253676 1394112
1239928 1253676 1394112
1239928 1253676 1394112
1239928 1253676 1394112
1239928 1253676 1394112
1239928 1253676 1394112
1239928 1253676 1394112
1239928 1253676 1394112
1239928 1253676 1394112
1239928 1253676 1394112
1239928 1253676 1394112
1239928 1253676 1394112
1239928 1253676 1394112
1239928 1253676 1394112
1239928 1253676 1394112
1239928 1253676 1394112
1239928 1253676 1394112
1239928 1253676 1394112
1239928 1253676 1394112
1239928 1253676 1394112
1239928 1253676 1394112
1239928 1253676 1394112
1239928 1253832 1394112
