Instantiation ...
set: internal_ws3_eth0_in_base
set: dmz_gateway_fw0_forward_r0_base
set: internal_ws6_eth0_out_base
set: internal_gateway_eth1_in_base
set: dmz_gateway_eth0_in_base
set: internal_ws7_fw0_input_r0_base
set: internal_gateway_fw0_input_r1_base
set: internal_ws4_eth0_in_base
set: dmz_voip_eth0_in_base
set: internal_ws5_fw0_output_r0_base
set: internal_ws5_fw0_accept_r0_base
set: dmz_voip_fw0_output_r0_base
set: internal_ws0_eth0_out_base
set: internal_ws0_eth0_in_base
set: dmz_www_fw0_accept_r0_base
set: internal_gateway_fw0_input_r0_base
set: internal_ws8_eth0_in_base
set: dmz_file_fw0_input_r0_base
set: internal_ws6_eth0_in_base
set: internal_ws1_fw0_input_r0_base
set: dmz_file_fw0_accept_r0_base
set: dmz_mail_fw0_input_r0_base
set: internal_ws6_fw0_accept_r0_base
set: internal_ws4_fw0_accept_r0_base
set: dmz_www_fw0_input_r0_base
set: dmz_vpn_eth0_in_base
set: internal_gateway_fw0_forward_r0_base
set: internal_ws5_eth0_in_base
set: internal_ws0_fw0_output_r0_base
set: internal_ws7_eth0_in_base
set: internal_ws2_eth0_in_base
set: dmz_gateway_fw0_accept_r0_base
set: dmz_www_eth0_out_base
set: dmz_mail_eth0_out_base
set: border_gateway_eth0_out_base
set: border_gateway_ppp0_out_base
set: internal_ws9_eth0_out_base
set: internal_ws7_fw0_output_r0_base
set: internal_ws7_eth0_out_base
set: dmz_gateway_fw0_forward_r1_base
set: internal_ws8_fw0_input_r0_base
set: internal_gateway_fw0_accept_r0_base
set: dmz_vpn_fw0_accept_r0_base
set: internal_ws4_fw0_output_r0_base
set: internet_provider_ppp0_out_base
set: dmz_mail_fw0_input_r1_base
set: dmz_voip_fw0_input_r0_base
set: internal_gateway_eth0_out_base
set: dmz_mail_fw0_output_r0_base
set: internal_ws1_eth0_in_base
set: dmz_voip_fw0_input_r1_base
set: dmz_www_eth0_in_base
set: border_gateway_ppp0_in_base
set: internal_ws3_fw0_accept_r0_base
set: dmz_gateway_fw0_forward_r3_base
set: dmz_vpn_fw0_output_r0_base
set: internal_ws9_fw0_input_r0_base
set: internal_ws1_fw0_accept_r0_base
set: internal_ws2_fw0_output_r0_base
set: internal_ws4_eth0_out_base
set: internal_gateway_fw0_forward_r1_base
set: dmz_file_eth0_out_base
set: border_gateway_fw0_accept_r0_base
set: dmz_gateway_fw0_input_r0_base
set: internal_ws3_fw0_output_r0_base
set: dmz_vpn_fw0_input_r0_base
set: dmz_mail_eth0_in_base
set: dmz_gateway_fw0_output_r0_base
set: internal_ws1_eth0_out_base
set: dmz_gateway_fw0_forward_r6_base
set: internal_ws9_fw0_accept_r0_base
set: dmz_file_fw0_input_r1_base
set: internal_gateway_fw0_output_r0_base
set: dmz_gateway_eth0_out_base
set: dmz_voip_eth0_out_base
set: internal_ws3_fw0_input_r0_base
set: internal_ws5_fw0_input_r0_base
set: dmz_www_fw0_output_r0_base
set: internal_ws1_fw0_output_r0_base
set: internal_gateway_eth1_out_base
set: dmz_gateway_fw0_forward_r5_base
set: internet_provider_fw0_output_r0_base
set: internal_ws0_fw0_input_r0_base
set: internal_ws8_fw0_output_r0_base
set: internal_ws8_eth0_out_base
set: internal_ws9_fw0_output_r0_base
set: internal_ws9_eth0_in_base
set: internal_ws7_fw0_accept_r0_base
set: border_gateway_fw0_forward_r0_base
set: internal_ws2_fw0_input_r0_base
set: internal_ws4_fw0_input_r0_base
set: dmz_gateway_fw0_forward_r2_base
set: dmz_gateway_fw0_forward_r4_base
set: internal_ws6_fw0_input_r0_base
set: dmz_gateway_eth1_in_base
set: internal_ws2_fw0_accept_r0_base
set: internal_gateway_eth0_in_base
set: internal_ws2_eth0_out_base
set: internal_ws0_fw0_accept_r0_base
set: dmz_mail_fw0_accept_r0_base
set: internal_ws8_fw0_accept_r0_base
set: dmz_file_fw0_output_r0_base
set: internet_provider_fw0_accept_r0_base
set: dmz_file_eth0_in_base
set: dmz_www_fw0_input_r1_base
set: dmz_gateway_eth1_out_base
set: border_gateway_eth0_in_base
set: dmz_voip_fw0_accept_r0_base
set: internal_ws3_eth0_out_base
set: internal_ws6_fw0_output_r0_base
set: dmz_vpn_fw0_input_r1_base
set: dmz_vpn_eth0_out_base
set: internal_ws5_eth0_out_base
set: dmz_gateway_fw0_input_r1_base
After implications: 114
After gammas: 250
After prefixes: 272
After ports: 280
After protos: 281
After constraints: 516
After CNF: 2276
Instantiation total: 	164.13348984718323
Solving ...
internal_ws7_fw0_input_r0_shadow ...	0.09616541862487793
2278
dmz_voip_eth0_in_shadow ...	0.08903098106384277
2278
internal_ws8_fw0_input_r0_accept_shadow ...	0.08820605278015137
2278
internal_gateway_eth1_out_reach ...	0.08890366554260254
2277
border_gateway_eth0_in_reach ...	0.08831501007080078
2277
internal_ws3_fw0_output_r0_reach ...	0.08873152732849121
2276
dmz_vpn_fw0_drop_r0_reach ...	0.0944516658782959
2277
border_gateway_ppp0_out_reach ...	0.0941922664642334
2277
internal_gateway_eth1_in_shadow ...	0.09215807914733887
2278
internal_ws8_fw0_output_r0_shadow ...	0.09603667259216309
2277
dmz_file_eth0_out_shadow ...	0.08878564834594727
2278
internal_ws0_fw0_input_r0_shadow ...	0.09455275535583496
2278
internal_ws1_fw0_output_r0_reach ...	0.13115191459655762
2276
internal_ws2_fw0_accept_r0_reach ...	0.13597321510314941
2277
dmz_gateway_fw0_output_r0_reach ...	0.10612010955810547
2276
internal_ws5_eth0_in_shadow ...	0.11916375160217285
2278
dmz_file_fw0_output_r0_shadow ...	0.14177894592285156
2277
dmz_www_fw0_input_r0_shadow ...	0.11699819564819336
2278
dmz_mail_eth0_out_shadow ...	0.08931183815002441
2278
internal_ws2_fw0_input_r0_shadow ...	0.09468364715576172
2278
internal_ws4_fw0_input_r0_shadow ...	0.09578585624694824
2278
internal_ws1_fw0_input_r0_accept_shadow ...	0.0887594223022461
2278
internal_ws3_fw0_output_r0_shadow ...	0.08870625495910645
2277
internal_ws4_eth0_out_reach ...	0.0894615650177002
2277
internal_ws3_fw0_input_r0_shadow ...	0.08884716033935547
2278
dmz_gateway_fw0_drop_r0_reach ...	0.08895587921142578
2277
internet_provider_fw0_accept_r0_reach ...	0.08906006813049316
2277
dmz_file_eth0_out_reach ...	0.08897185325622559
2277
dmz_gateway_fw0_input_r0_accept_shadow ...	0.09407901763916016
2278
border_gateway_ppp0_out_shadow ...	0.08838605880737305
2278
internal_ws1_fw0_input_r0_reach ...	0.0943000316619873
2277
internal_ws2_eth0_in_shadow ...	0.1044931411743164
2278
dmz_mail_fw0_drop_r0_shadow ...	0.09951448440551758
2278
dmz_gateway_fw0_output_r0_shadow ...	0.09236598014831543
2277
dmz_gateway_fw0_forward_r1_reach ...	0.09622526168823242
2277
internal_ws4_fw0_input_r0_accept_reach ...	0.08919143676757812
2277
internal_ws0_eth0_out_reach ...	0.08917379379272461
2277
internal_ws0_fw0_accept_r0_shadow ...	0.08926796913146973
2278
dmz_gateway_fw0_forward_r3_shadow ...	0.08964323997497559
2278
dmz_voip_fw0_drop_r0_shadow ...	0.09167361259460449
2278
dmz_gateway_fw0_forward_r4_reach ...	0.08883547782897949
2277
internal_ws2_fw0_input_r0_accept_reach ...	0.09346771240234375
2277
internal_ws3_eth0_in_reach ...	0.09462833404541016
2277
internal_ws8_fw0_accept_r0_reach ...	0.0885004997253418
2277
dmz_mail_fw0_input_r0_accept_shadow ...	0.0979299545288086
2278
internal_ws2_fw0_input_r0_reach ...	0.09988856315612793
2277
internal_ws6_fw0_accept_r0_shadow ...	0.08851909637451172
2278
internal_gateway_fw0_output_r0_shadow ...	0.0886378288269043
2277
internal_ws4_fw0_accept_r0_shadow ...	0.08876371383666992
2278
dmz_gateway_eth0_in_reach ...	0.09177207946777344
2277
dmz_gateway_fw0_forward_r5_reach ...	0.10481619834899902
2277
internal_ws7_fw0_input_r0_accept_shadow ...	0.08935689926147461
2278
internal_ws6_fw0_input_r0_reach ...	0.08817028999328613
2277
internal_ws5_fw0_input_r0_accept_reach ...	0.0968472957611084
2277
internal_ws2_fw0_accept_r0_shadow ...	0.10251617431640625
2278
internal_ws7_fw0_input_r0_accept_reach ...	0.0886240005493164
2277
internal_ws9_fw0_input_r0_accept_reach ...	0.08844113349914551
2277
dmz_mail_eth0_in_reach ...	0.09663677215576172
2277
dmz_gateway_eth1_out_reach ...	0.08869123458862305
2277
internal_ws2_fw0_output_r0_reach ...	0.08867645263671875
2276
dmz_mail_fw0_accept_r0_shadow ...	0.08896613121032715
2278
dmz_gateway_fw0_drop_r0_shadow ...	0.0905618667602539
2278
internal_gateway_eth0_out_shadow ...	0.08846473693847656
2278
dmz_gateway_fw0_accept_r0_shadow ...	0.09499502182006836
2278
internal_gateway_fw0_output_r0_reach ...	0.08939909934997559
2276
internal_ws9_fw0_input_r0_accept_shadow ...	0.08839893341064453
2278
dmz_vpn_fw0_input_r0_accept_reach ...	0.08860564231872559
2277
dmz_voip_eth0_in_reach ...	0.09680604934692383
2277
internal_gateway_fw0_input_r0_accept_reach ...	0.08889532089233398
2277
dmz_voip_fw0_input_r0_reach ...	0.0946962833404541
2277
internal_ws9_fw0_output_r0_reach ...	0.0931546688079834
2276
dmz_gateway_fw0_input_r0_reach ...	0.08848142623901367
2277
dmz_voip_fw0_input_r0_accept_shadow ...	0.09217166900634766
2278
internal_ws2_eth0_in_reach ...	0.08933329582214355
2277
internal_gateway_eth1_out_shadow ...	0.08937978744506836
2278
internal_ws4_eth0_in_reach ...	0.0961151123046875
2277
dmz_vpn_fw0_input_r1_reach ...	0.09641528129577637
2277
border_gateway_ppp0_in_shadow ...	0.08852338790893555
2278
dmz_voip_fw0_output_r0_reach ...	0.08910417556762695
2276
internal_ws4_fw0_input_r0_reach ...	0.0948939323425293
2277
dmz_file_fw0_input_r0_shadow ...	0.09699487686157227
2278
dmz_file_fw0_accept_r0_reach ...	0.08893489837646484
2277
internal_ws6_eth0_out_reach ...	0.09446883201599121
2277
internal_ws0_fw0_accept_r0_reach ...	0.0922400951385498
2277
dmz_vpn_fw0_input_r0_accept_shadow ...	0.09380340576171875
2278
internal_ws6_fw0_input_r0_accept_reach ...	0.09691309928894043
2277
internal_ws4_fw0_input_r0_accept_shadow ...	0.08823728561401367
2278
dmz_file_fw0_input_r1_reach ...	0.0962061882019043
2277
internal_ws6_eth0_in_reach ...	0.08887815475463867
2277
internal_gateway_eth0_in_reach ...	0.08869266510009766
2277
border_gateway_eth0_in_shadow ...	0.08666419982910156
2278
dmz_voip_eth0_out_reach ...	0.08877134323120117
2277
dmz_voip_fw0_input_r0_shadow ...	0.08954858779907227
2278
internal_gateway_fw0_accept_r0_shadow ...	0.08884453773498535
2278
dmz_voip_fw0_output_r0_shadow ...	0.09274864196777344
2277
internal_ws5_eth0_in_reach ...	0.08907508850097656
2277
internal_gateway_eth0_in_shadow ...	0.09202408790588379
2278
dmz_gateway_fw0_forward_r2_shadow ...	0.08897161483764648
2278
internal_ws7_eth0_out_shadow ...	0.09603071212768555
2278
dmz_gateway_fw0_forward_r3_reach ...	0.08911943435668945
2277
internal_ws0_fw0_input_r0_accept_shadow ...	0.09901666641235352
2278
dmz_vpn_fw0_accept_r0_reach ...	0.09955286979675293
2277
dmz_file_fw0_input_r0_reach ...	0.09143280982971191
2277
dmz_mail_eth0_in_shadow ...	0.09419870376586914
2278
internal_ws8_eth0_in_shadow ...	0.09353780746459961
2278
dmz_mail_eth0_out_reach ...	0.10902810096740723
2277
dmz_www_fw0_output_r0_reach ...	0.08856701850891113
2276
dmz_mail_fw0_output_r0_reach ...	0.09711861610412598
2276
dmz_file_fw0_accept_r0_shadow ...	0.08845019340515137
2278
dmz_gateway_fw0_forward_r6_shadow ...	0.09436488151550293
2278
dmz_gateway_fw0_input_r0_shadow ...	0.09578609466552734
2278
dmz_voip_fw0_drop_r0_reach ...	0.08869028091430664
2277
internal_ws6_fw0_input_r0_accept_shadow ...	0.09473848342895508
2278
dmz_gateway_fw0_input_r0_accept_reach ...	0.12716245651245117
2277
internal_gateway_fw0_forward_r0_shadow ...	0.12839508056640625
2278
dmz_gateway_fw0_forward_r5_shadow ...	0.09133434295654297
2278
dmz_voip_fw0_input_r1_shadow ...	0.08879446983337402
2278
dmz_file_eth0_in_reach ...	0.08967304229736328
2277
internal_gateway_fw0_drop_r0_shadow ...	0.08883094787597656
2278
internal_ws0_fw0_output_r0_reach ...	0.0887300968170166
2276
dmz_voip_eth0_out_shadow ...	0.09608983993530273
2278
border_gateway_eth0_out_reach ...	0.08921456336975098
2277
internal_ws7_fw0_accept_r0_reach ...	0.09552001953125
2277
dmz_mail_fw0_accept_r0_reach ...	0.09680461883544922
2277
dmz_www_fw0_input_r0_reach ...	0.08889007568359375
2277
dmz_www_fw0_input_r0_accept_reach ...	0.0957479476928711
2277
internal_gateway_fw0_input_r1_shadow ...	0.10071539878845215
2278
internal_ws9_eth0_in_shadow ...	0.09351873397827148
2278
dmz_www_fw0_input_r1_reach ...	0.09574341773986816
2277
dmz_www_fw0_accept_r0_shadow ...	0.09747862815856934
2278
dmz_gateway_eth1_in_reach ...	0.09446501731872559
2277
internal_ws5_fw0_output_r0_shadow ...	0.08910393714904785
2277
dmz_mail_fw0_input_r0_reach ...	0.09627032279968262
2277
internal_gateway_eth1_in_reach ...	0.08830881118774414
2277
internal_ws3_eth0_out_shadow ...	0.0892190933227539
2278
internal_ws5_fw0_output_r0_reach ...	0.0883016586303711
2276
internet_provider_ppp0_out_shadow ...	0.08952975273132324
2278
internal_ws9_fw0_accept_r0_shadow ...	0.09772086143493652
2278
internal_gateway_fw0_forward_r1_shadow ...	0.09185409545898438
2278
dmz_file_fw0_input_r0_accept_reach ...	0.08871006965637207
2277
internal_ws9_fw0_input_r0_shadow ...	0.08832693099975586
2278
dmz_www_eth0_in_shadow ...	0.08859968185424805
2278
dmz_file_fw0_drop_r0_reach ...	0.0965416431427002
2277
dmz_gateway_fw0_input_r1_reach ...	0.08901143074035645
2277
dmz_vpn_fw0_accept_r0_shadow ...	0.09577107429504395
2278
internal_ws7_eth0_in_reach ...	0.09050107002258301
2277
dmz_gateway_fw0_accept_r0_reach ...	0.08890581130981445
2277
internal_ws1_eth0_out_shadow ...	0.08907270431518555
2278
internal_ws5_fw0_input_r0_accept_shadow ...	0.09125804901123047
2278
internal_ws8_eth0_in_reach ...	0.09625029563903809
2277
dmz_gateway_eth1_out_shadow ...	0.0880422592163086
2278
cross ...	0.08985400199890137
2278
dmz_vpn_eth0_out_reach ...	0.09478998184204102
2277
dmz_gateway_fw0_forward_r1_shadow ...	0.08983898162841797
2278
dmz_vpn_eth0_in_reach ...	0.0954437255859375
2277
internal_ws7_fw0_accept_r0_shadow ...	0.09532904624938965
2278
dmz_gateway_fw0_forward_r2_reach ...	0.08939909934997559
2277
internal_gateway_fw0_input_r1_reach ...	0.08906030654907227
2277
internal_gateway_fw0_forward_r0_reach ...	0.0907139778137207
2277
dmz_voip_fw0_input_r1_reach ...	0.1021881103515625
2277
dmz_mail_fw0_input_r0_accept_reach ...	0.09661436080932617
2277
dmz_vpn_fw0_input_r0_shadow ...	0.08809685707092285
2278
internal_gateway_fw0_drop_r0_reach ...	0.08922171592712402
2277
internet_provider_ppp0_in_reach ...	0.08883905410766602
2277
internal_ws9_fw0_input_r0_reach ...	0.10245895385742188
2277
internal_ws6_fw0_output_r0_reach ...	0.08864307403564453
2276
cycle ...	0.11218929290771484
2426
internal_gateway_eth0_out_reach ...	0.1194303035736084
2277
internal_ws5_fw0_accept_r0_shadow ...	0.12229347229003906
2278
dmz_vpn_fw0_drop_r0_shadow ...	0.0948019027709961
2278
internet_provider_fw0_output_r0_shadow ...	0.09843730926513672
2277
internal_ws9_fw0_accept_r0_reach ...	0.08904385566711426
2277
internal_ws8_fw0_input_r0_accept_reach ...	0.08889579772949219
2277
internal_ws5_fw0_input_r0_shadow ...	0.09528660774230957
2278
dmz_mail_fw0_output_r0_shadow ...	0.09715127944946289
2277
internal_ws0_eth0_in_reach ...	0.09543752670288086
2277
internal_ws9_eth0_out_shadow ...	0.10663986206054688
2278
internal_ws1_eth0_out_reach ...	0.09578061103820801
2277
internal_ws4_fw0_output_r0_reach ...	0.0885155200958252
2276
internal_gateway_fw0_accept_r0_reach ...	0.0906975269317627
2277
internal_ws2_fw0_output_r0_shadow ...	0.09912681579589844
2277
internal_ws7_fw0_output_r0_reach ...	0.09612631797790527
2276
dmz_gateway_eth0_out_shadow ...	0.08818936347961426
2278
dmz_www_fw0_drop_r0_shadow ...	0.08909749984741211
2278
internal_gateway_fw0_input_r0_reach ...	0.08850812911987305
2277
internal_ws0_fw0_output_r0_shadow ...	0.0888664722442627
2277
dmz_voip_fw0_accept_r0_reach ...	0.08922958374023438
2277
internal_ws6_fw0_accept_r0_reach ...	0.10455894470214844
2277
internal_ws8_fw0_input_r0_shadow ...	0.1330254077911377
2278
internal_ws4_fw0_output_r0_shadow ...	0.1360461711883545
2277
dmz_vpn_fw0_input_r1_shadow ...	0.10251355171203613
2278
internal_ws3_eth0_in_shadow ...	0.08816075325012207
2278
internal_ws3_fw0_accept_r0_reach ...	0.09558701515197754
2277
border_gateway_fw0_accept_r0_reach ...	0.09507894515991211
2277
internal_ws7_fw0_input_r0_reach ...	0.0898134708404541
2277
border_gateway_ppp0_in_reach ...	0.09615731239318848
2277
internal_ws0_fw0_input_r0_accept_reach ...	0.08819293975830078
2277
internal_ws1_fw0_output_r0_shadow ...	0.09629249572753906
2277
internet_provider_ppp0_in_shadow ...	0.08864474296569824
2278
dmz_mail_fw0_input_r0_shadow ...	0.08847236633300781
2278
dmz_www_fw0_drop_r0_reach ...	0.09148025512695312
2277
dmz_www_eth0_out_shadow ...	0.09834003448486328
2278
internal_ws5_fw0_accept_r0_reach ...	0.09559965133666992
2277
dmz_mail_fw0_input_r1_shadow ...	0.09567451477050781
2278
internal_ws8_eth0_out_shadow ...	0.08890962600708008
2278
internal_ws3_eth0_out_reach ...	0.09630560874938965
2277
internal_ws9_eth0_out_reach ...	0.0992896556854248
2277
internal_gateway_fw0_input_r0_shadow ...	0.08975386619567871
2278
internal_ws5_fw0_input_r0_reach ...	0.0894620418548584
2277
internal_ws6_fw0_input_r0_shadow ...	0.10239219665527344
2278
internal_ws1_eth0_in_shadow ...	0.08886551856994629
2278
dmz_mail_fw0_input_r1_reach ...	0.0917198657989502
2277
dmz_voip_fw0_accept_r0_shadow ...	0.08887410163879395
2278
internal_gateway_fw0_forward_r1_reach ...	0.08867883682250977
2277
internal_ws8_eth0_out_reach ...	0.08870077133178711
2277
internal_ws1_eth0_in_reach ...	0.0895075798034668
2277
internal_ws2_eth0_out_reach ...	0.09613204002380371
2277
internal_ws0_eth0_out_shadow ...	0.0893549919128418
2278
dmz_www_fw0_accept_r0_reach ...	0.08999371528625488
2277
border_gateway_eth0_out_shadow ...	0.09403085708618164
2278
internet_provider_ppp0_out_reach ...	0.09541678428649902
2277
dmz_www_fw0_output_r0_shadow ...	0.09537482261657715
2277
internal_ws7_eth0_in_shadow ...	0.09579896926879883
2278
dmz_vpn_eth0_out_shadow ...	0.1076056957244873
2278
internal_ws1_fw0_accept_r0_shadow ...	0.11517071723937988
2278
dmz_gateway_eth0_in_shadow ...	0.09612464904785156
2278
internal_ws0_fw0_input_r0_reach ...	0.08918642997741699
2277
internal_ws6_eth0_in_shadow ...	0.08775925636291504
2278
internal_ws6_eth0_out_shadow ...	0.0890347957611084
2278
dmz_gateway_fw0_forward_r0_shadow ...	0.0955953598022461
2278
internal_ws7_eth0_out_reach ...	0.1307215690612793
2277
dmz_www_eth0_in_reach ...	0.14881014823913574
2277
dmz_gateway_fw0_forward_r4_shadow ...	0.09854578971862793
2278
internal_ws7_fw0_output_r0_shadow ...	0.09965682029724121
2277
internal_ws8_fw0_accept_r0_shadow ...	0.09450006484985352
2278
dmz_file_fw0_output_r0_reach ...	0.088623046875
2276
internal_ws9_eth0_in_reach ...	0.09836935997009277
2277
internal_ws6_fw0_output_r0_shadow ...	0.08906316757202148
2277
dmz_gateway_eth0_out_reach ...	0.08983087539672852
2277
internal_ws1_fw0_input_r0_shadow ...	0.094970703125
2278
border_gateway_fw0_accept_r0_shadow ...	0.10737109184265137
2278
dmz_www_fw0_input_r1_shadow ...	0.11765861511230469
2278
dmz_gateway_fw0_input_r1_shadow ...	0.09832096099853516
2278
dmz_voip_fw0_input_r0_accept_reach ...	0.09583616256713867
2277
internal_ws8_fw0_output_r0_reach ...	0.08828473091125488
2276
internal_ws3_fw0_accept_r0_shadow ...	0.08862924575805664
2278
dmz_gateway_fw0_forward_r0_reach ...	0.09473371505737305
2277
dmz_file_eth0_in_shadow ...	0.08870792388916016
2278
internet_provider_fw0_accept_r0_shadow ...	0.09467649459838867
2278
dmz_vpn_fw0_input_r0_reach ...	0.09696531295776367
2277
internal_ws1_fw0_accept_r0_reach ...	0.09278607368469238
2277
dmz_vpn_fw0_output_r0_shadow ...	0.08891010284423828
2277
internal_ws5_eth0_out_reach ...	0.0894629955291748
2277
internal_gateway_fw0_input_r0_accept_shadow ...	0.10034394264221191
2278
internet_provider_fw0_output_r0_reach ...	0.09633755683898926
2276
internal_ws8_fw0_input_r0_reach ...	0.08901095390319824
2277
internal_ws1_fw0_input_r0_accept_reach ...	0.09442257881164551
2277
internal_ws5_eth0_out_shadow ...	0.09605240821838379
2278
dmz_mail_fw0_drop_r0_reach ...	0.08937358856201172
2277
dmz_www_fw0_input_r0_accept_shadow ...	0.10926079750061035
2278
internal_ws2_fw0_input_r0_accept_shadow ...	0.08881998062133789
2278
border_gateway_fw0_forward_r0_shadow ...	0.08996176719665527
2278
internal_ws3_fw0_input_r0_accept_shadow ...	0.08897566795349121
2278
dmz_vpn_eth0_in_shadow ...	0.09466862678527832
2278
internal_ws4_eth0_out_shadow ...	0.09195137023925781
2278
dmz_www_eth0_out_reach ...	0.08917593955993652
2277
internal_ws2_eth0_out_shadow ...	0.09433603286743164
2278
dmz_gateway_fw0_forward_r6_reach ...	0.08927655220031738
2277
internal_ws4_fw0_accept_r0_reach ...	0.08912372589111328
2277
internal_ws0_eth0_in_shadow ...	0.08817195892333984
2278
internal_ws9_fw0_output_r0_shadow ...	0.08987784385681152
2277
internal_ws3_fw0_input_r0_reach ...	0.08842229843139648
2277
dmz_file_fw0_input_r0_accept_shadow ...	0.0895240306854248
2278
dmz_gateway_eth1_in_shadow ...	0.10544443130493164
2278
dmz_file_fw0_input_r1_shadow ...	0.1179041862487793
2278
dmz_vpn_fw0_output_r0_reach ...	0.1051332950592041
2276
internal_ws4_eth0_in_shadow ...	0.09506106376647949
2278
dmz_file_fw0_drop_r0_shadow ...	0.0890660285949707
2278
internal_ws3_fw0_input_r0_accept_reach ...	0.09486699104309082
2277
border_gateway_fw0_forward_r0_reach ...	0.09885287284851074
2277
Solving total ...	26.6182861328125
Amount of rules: 139
Average Solving: 0.09430098705154528
Median Solving: 0.0907139778137
Max Deviation: 0.05450916118759046
Standard Deviation: 0.00936104546029
