Instantiation ...
delete: dmz_gateway_fw0_accept_r0_base
delete: internal_gateway_fw0_accept_r0_base
set: dmz_gateway_fw0_accept_r0_base
set: internal_gateway_fw0_accept_r0_base
After implications: 2
After gammas: 2
get: dmz_www_fw0_input_r0_base
get: internal_ws4_fw0_input_r0_base
get: dmz_www_fw0_drop_r0_base
get: internal_ws1_fw0_input_r0_base
get: internal_ws5_eth0_out_base
get: dmz_mail_fw0_output_r0_base
get: dmz_mail_eth0_in_base
get: dmz_gateway_fw0_input_r0_accept_base
get: internal_ws2_fw0_input_r0_base
get: internal_ws8_fw0_input_r0_base
get: internal_ws5_fw0_accept_r0_base
get: dmz_gateway_fw0_forward_r3_base
get: internal_ws0_fw0_input_r0_accept_base
get: dmz_gateway_fw0_forward_r1_base
get: internal_ws0_eth0_out_base
get: internal_ws6_fw0_accept_r0_base
get: internal_gateway_fw0_forward_r1_base
get: internal_ws2_eth0_out_base
get: dmz_file_eth0_in_base
get: internal_ws2_fw0_input_r0_accept_base
get: internal_ws4_fw0_output_r0_base
get: internal_gateway_fw0_forward_r0_base
get: dmz_mail_fw0_input_r0_base
get: border_gateway_ppp0_out_base
get: dmz_file_fw0_accept_r0_base
get: internal_gateway_fw0_drop_r0_base
get: internal_ws3_eth0_in_base
get: dmz_voip_eth0_in_base
get: internal_gateway_eth0_in_base
get: border_gateway_ppp0_in_base
get: dmz_www_fw0_accept_r0_base
get: dmz_vpn_fw0_drop_r0_base
get: dmz_voip_fw0_input_r0_accept_base
get: dmz_gateway_fw0_input_r0_base
get: internal_ws4_eth0_in_base
get: dmz_vpn_eth0_in_base
get: dmz_mail_fw0_drop_r0_base
get: internal_ws8_eth0_in_base
get: internal_gateway_fw0_input_r0_accept_base
get: internal_ws3_fw0_accept_r0_base
get: internet_provider_ppp0_in_base
get: internal_ws8_fw0_output_r0_base
get: internal_ws9_fw0_input_r0_base
get: internal_ws1_fw0_accept_r0_base
get: internal_ws5_eth0_in_base
get: internal_ws7_eth0_in_base
get: dmz_file_fw0_output_r0_base
get: internal_ws0_fw0_accept_r0_base
get: dmz_voip_fw0_input_r1_base
get: internet_provider_fw0_output_r0_base
get: internal_gateway_fw0_output_r0_base
get: internal_ws2_fw0_accept_r0_base
get: dmz_gateway_eth0_in_base
get: internal_ws1_fw0_input_r0_accept_base
get: internal_ws5_fw0_output_r0_base
get: dmz_file_fw0_input_r1_base
get: dmz_file_fw0_drop_r0_base
get: internal_ws3_fw0_input_r0_accept_base
get: internal_ws8_eth0_out_base
get: internal_ws8_fw0_accept_r0_base
get: internal_ws4_fw0_input_r0_accept_base
get: internal_ws8_fw0_input_r0_accept_base
get: dmz_gateway_fw0_forward_r6_base
get: internal_ws7_fw0_input_r0_accept_base
get: dmz_vpn_fw0_accept_r0_base
get: internal_ws9_fw0_output_r0_base
get: internet_provider_ppp0_out_base
get: dmz_www_fw0_input_r0_accept_base
get: internal_ws6_eth0_out_base
get: internal_gateway_eth0_out_base
get: dmz_gateway_fw0_forward_r5_base
get: internal_ws9_fw0_accept_r0_base
get: dmz_gateway_fw0_output_r0_base
get: internal_ws4_fw0_accept_r0_base
get: dmz_mail_eth0_out_base
get: internal_ws5_fw0_input_r0_base
get: dmz_file_eth0_out_base
get: internal_ws7_eth0_out_base
get: internal_ws1_eth0_in_base
get: dmz_www_fw0_output_r0_base
get: dmz_voip_fw0_accept_r0_base
get: dmz_gateway_fw0_forward_r2_base
get: dmz_vpn_fw0_input_r0_accept_base
get: internal_ws7_fw0_output_r0_base
get: internal_ws0_eth0_in_base
get: dmz_file_fw0_input_r0_base
get: dmz_gateway_eth1_in_base
get: dmz_vpn_fw0_output_r0_base
get: dmz_www_eth0_out_base
get: dmz_vpn_eth0_out_base
get: dmz_gateway_eth1_out_base
get: dmz_gateway_eth0_out_base
get: internal_ws0_fw0_output_r0_base
get: internal_gateway_fw0_input_r1_base
get: border_gateway_fw0_accept_r0_base
get: dmz_www_fw0_input_r1_base
get: internal_ws9_eth0_out_base
get: internal_ws1_fw0_output_r0_base
get: internal_ws6_fw0_input_r0_base
get: internal_ws3_fw0_output_r0_base
get: internal_ws0_fw0_input_r0_base
get: dmz_gateway_fw0_drop_r0_base
get: dmz_mail_fw0_input_r1_base
get: dmz_vpn_fw0_input_r1_base
get: internal_ws1_eth0_out_base
get: border_gateway_eth0_in_base
get: dmz_voip_eth0_out_base
get: dmz_gateway_fw0_forward_r0_base
get: dmz_voip_fw0_output_r0_base
get: internal_ws2_fw0_output_r0_base
get: internet_provider_fw0_accept_r0_base
get: dmz_mail_fw0_input_r0_accept_base
get: internal_ws5_fw0_input_r0_accept_base
get: dmz_voip_fw0_drop_r0_base
get: internal_ws4_eth0_out_base
get: internal_gateway_eth1_out_base
get: internal_ws6_fw0_input_r0_accept_base
get: internal_ws9_fw0_input_r0_accept_base
get: internal_gateway_eth1_in_base
get: dmz_www_eth0_in_base
get: dmz_voip_fw0_input_r0_base
get: dmz_vpn_fw0_input_r0_base
get: internal_ws3_fw0_input_r0_base
get: border_gateway_eth0_out_base
get: internal_ws7_fw0_input_r0_base
get: internal_ws6_fw0_output_r0_base
get: border_gateway_fw0_forward_r0_base
get: internal_ws6_eth0_in_base
get: dmz_mail_fw0_accept_r0_base
get: internal_gateway_fw0_input_r0_base
get: dmz_gateway_fw0_forward_r4_base
get: internal_ws9_eth0_in_base
get: internal_ws3_eth0_out_base
get: internal_ws7_fw0_accept_r0_base
get: dmz_file_fw0_input_r0_accept_base
get: internal_ws2_eth0_in_base
get: dmz_gateway_fw0_input_r1_base
After prefixes: 272
After ports: 280
After protos: 281
After constraints: 516
After CNF: 2276
Instantiation total: 	163.9621868133545
Solving ...
internal_ws5_fw0_output_r0_reach ...	0.1063234806060791
2276
internal_ws8_eth0_out_shadow ...	0.08930659294128418
2278
internal_gateway_eth1_out_reach ...	0.09662628173828125
2277
internal_ws7_fw0_input_r0_shadow ...	0.08879351615905762
2278
dmz_gateway_eth0_out_reach ...	0.09043455123901367
2277
dmz_www_fw0_input_r1_shadow ...	0.09482455253601074
2278
dmz_file_fw0_input_r1_shadow ...	0.08998775482177734
2278
internal_gateway_fw0_input_r0_reach ...	0.08858036994934082
2277
internal_ws1_fw0_input_r0_reach ...	0.10429883003234863
2277
dmz_www_fw0_drop_r0_reach ...	0.0946345329284668
2277
dmz_www_fw0_drop_r0_shadow ...	0.0981287956237793
2278
dmz_vpn_fw0_drop_r0_reach ...	0.08879828453063965
2277
internal_ws8_fw0_output_r0_reach ...	0.08913564682006836
2276
internal_ws5_fw0_output_r0_shadow ...	0.09474730491638184
2277
dmz_voip_eth0_out_shadow ...	0.09733414649963379
2278
dmz_vpn_fw0_input_r0_shadow ...	0.08989739418029785
2278
dmz_file_fw0_output_r0_shadow ...	0.08858585357666016
2277
dmz_gateway_fw0_input_r1_reach ...	0.09142804145812988
2277
border_gateway_ppp0_out_shadow ...	0.08821916580200195
2278
internal_ws7_fw0_accept_r0_shadow ...	0.08858823776245117
2278
dmz_voip_eth0_in_shadow ...	0.09233880043029785
2278
internal_ws3_eth0_in_shadow ...	0.09534454345703125
2278
internal_ws7_fw0_input_r0_accept_shadow ...	0.08876657485961914
2278
dmz_gateway_fw0_drop_r0_reach ...	0.08861088752746582
2277
internet_provider_ppp0_out_shadow ...	0.09612321853637695
2278
internal_ws7_eth0_out_shadow ...	0.0885322093963623
2278
dmz_gateway_fw0_input_r0_accept_reach ...	0.09010577201843262
2277
internal_ws5_fw0_input_r0_accept_reach ...	0.09573078155517578
2277
internal_ws0_fw0_input_r0_reach ...	0.0904839038848877
2277
dmz_voip_fw0_input_r1_reach ...	0.09020614624023438
2277
dmz_file_fw0_input_r0_shadow ...	0.10098028182983398
2278
dmz_file_fw0_drop_r0_shadow ...	0.09316825866699219
2278
dmz_mail_fw0_input_r1_reach ...	0.09960055351257324
2277
internal_ws4_eth0_out_reach ...	0.08895039558410645
2277
internal_ws0_fw0_input_r0_accept_shadow ...	0.08833026885986328
2278
internal_ws6_fw0_output_r0_shadow ...	0.09563231468200684
2277
internal_ws1_fw0_output_r0_reach ...	0.08797836303710938
2276
dmz_voip_fw0_input_r0_accept_shadow ...	0.09000968933105469
2278
dmz_gateway_fw0_forward_r2_reach ...	0.09606146812438965
2277
internal_gateway_fw0_drop_r0_shadow ...	0.09927201271057129
2278
dmz_file_eth0_in_reach ...	0.08946585655212402
2277
internal_ws8_fw0_accept_r0_shadow ...	0.09553003311157227
2278
internal_ws5_eth0_out_shadow ...	0.09321284294128418
2278
dmz_www_fw0_input_r0_accept_shadow ...	0.08982443809509277
2278
dmz_voip_fw0_output_r0_shadow ...	0.09711956977844238
2277
dmz_file_eth0_out_reach ...	0.08885455131530762
2277
internal_ws6_eth0_in_shadow ...	0.08776450157165527
2278
dmz_file_fw0_input_r1_reach ...	0.09136247634887695
2277
internal_ws0_fw0_output_r0_shadow ...	0.11621427536010742
2277
internal_ws9_eth0_out_reach ...	0.09241724014282227
2277
dmz_gateway_fw0_output_r0_shadow ...	0.08845090866088867
2277
dmz_vpn_eth0_in_shadow ...	0.0882711410522461
2278
internal_ws2_eth0_in_shadow ...	0.09513258934020996
2278
internal_ws2_fw0_accept_r0_reach ...	0.09313488006591797
2277
dmz_vpn_fw0_input_r1_reach ...	0.0891878604888916
2277
internal_ws7_eth0_in_shadow ...	0.09995484352111816
2278
internal_gateway_fw0_output_r0_reach ...	0.09609103202819824
2276
internal_ws1_eth0_in_reach ...	0.0988011360168457
2277
internal_ws2_fw0_output_r0_reach ...	0.08944487571716309
2276
internal_ws8_eth0_out_reach ...	0.08852887153625488
2277
internal_ws9_fw0_output_r0_reach ...	0.09039878845214844
2276
dmz_file_fw0_drop_r0_reach ...	0.0888669490814209
2277
border_gateway_eth0_in_reach ...	0.0967106819152832
2277
dmz_voip_fw0_accept_r0_shadow ...	0.10229754447937012
2278
dmz_gateway_fw0_input_r0_reach ...	0.14304542541503906
2277
dmz_gateway_fw0_input_r0_accept_shadow ...	0.1650831699371338
2278
internal_ws0_eth0_out_shadow ...	0.1566770076751709
2278
internal_ws9_fw0_output_r0_shadow ...	0.10783958435058594
2277
internal_ws9_fw0_input_r0_shadow ...	0.08983635902404785
2278
dmz_voip_eth0_out_reach ...	0.09694099426269531
2277
dmz_voip_fw0_input_r1_shadow ...	0.08943057060241699
2278
internal_ws4_fw0_accept_r0_reach ...	0.09633660316467285
2277
internal_ws4_fw0_output_r0_reach ...	0.09079694747924805
2276
internal_gateway_fw0_drop_r0_reach ...	0.08806586265563965
2277
dmz_www_fw0_input_r1_reach ...	0.0966649055480957
2277
internal_ws9_fw0_input_r0_reach ...	0.09440374374389648
2277
dmz_gateway_eth1_in_reach ...	0.09541988372802734
2277
dmz_vpn_fw0_accept_r0_shadow ...	0.09601259231567383
2278
dmz_vpn_fw0_input_r0_reach ...	0.0892796516418457
2277
dmz_gateway_fw0_forward_r5_shadow ...	0.08690071105957031
2278
dmz_gateway_fw0_forward_r6_reach ...	0.08925628662109375
2277
internal_ws5_fw0_input_r0_shadow ...	0.08792996406555176
2278
dmz_gateway_eth0_out_shadow ...	0.08809208869934082
2278
internal_ws2_fw0_input_r0_accept_reach ...	0.09312224388122559
2277
internal_gateway_fw0_input_r0_shadow ...	0.09735417366027832
2278
dmz_gateway_fw0_forward_r0_reach ...	0.09636425971984863
2277
internal_ws6_fw0_output_r0_reach ...	0.08931350708007812
2276
border_gateway_fw0_forward_r0_reach ...	0.0970296859741211
2277
dmz_mail_eth0_in_reach ...	0.09334897994995117
2277
internal_ws6_eth0_out_shadow ...	0.09918379783630371
2278
dmz_vpn_fw0_input_r0_accept_reach ...	0.09262871742248535
2277
internal_ws1_fw0_input_r0_shadow ...	0.09079551696777344
2278
internal_ws3_eth0_out_shadow ...	0.08899211883544922
2278
dmz_gateway_eth1_out_reach ...	0.08999156951904297
2277
dmz_www_eth0_out_shadow ...	0.09822869300842285
2278
internal_ws2_eth0_out_shadow ...	0.08936309814453125
2278
internal_gateway_eth0_out_shadow ...	0.09691309928894043
2278
internal_ws9_eth0_in_shadow ...	0.08812952041625977
2278
dmz_www_eth0_in_shadow ...	0.0949559211730957
2278
dmz_voip_fw0_accept_r0_reach ...	0.10736465454101562
2277
dmz_gateway_fw0_forward_r6_shadow ...	0.09309554100036621
2278
dmz_mail_eth0_out_reach ...	0.09728407859802246
2277
dmz_mail_fw0_input_r0_accept_shadow ...	0.09280014038085938
2278
dmz_gateway_fw0_forward_r2_shadow ...	0.0903923511505127
2278
internal_ws7_eth0_in_reach ...	0.08949804306030273
2277
internal_ws0_fw0_output_r0_reach ...	0.09340548515319824
2276
internal_ws3_fw0_output_r0_reach ...	0.08927559852600098
2276
dmz_gateway_fw0_accept_r0_shadow ...	0.09516143798828125
2278
internal_ws4_fw0_output_r0_shadow ...	0.08973264694213867
2277
dmz_www_eth0_out_reach ...	0.0892341136932373
2277
dmz_mail_fw0_accept_r0_reach ...	0.0898904800415039
2277
dmz_mail_fw0_input_r1_shadow ...	0.09626317024230957
2278
internal_ws0_eth0_out_reach ...	0.09051275253295898
2277
internal_ws8_eth0_in_shadow ...	0.08825016021728516
2278
internal_ws7_fw0_accept_r0_reach ...	0.09532499313354492
2277
internal_ws0_eth0_in_shadow ...	0.0888521671295166
2278
dmz_mail_fw0_input_r0_shadow ...	0.09229779243469238
2278
internal_ws9_fw0_accept_r0_reach ...	0.08937525749206543
2277
internal_ws3_fw0_input_r0_reach ...	0.08920955657958984
2277
dmz_gateway_eth0_in_shadow ...	0.10069823265075684
2278
internal_ws6_fw0_input_r0_accept_reach ...	0.08961701393127441
2277
internal_gateway_fw0_forward_r0_shadow ...	0.09620070457458496
2278
internal_ws4_fw0_input_r0_accept_reach ...	0.08974957466125488
2277
dmz_file_fw0_accept_r0_shadow ...	0.09852766990661621
2278
dmz_file_eth0_out_shadow ...	0.09184527397155762
2278
dmz_mail_fw0_input_r0_accept_reach ...	0.09022307395935059
2277
internal_ws7_fw0_input_r0_accept_reach ...	0.08930730819702148
2277
internal_ws2_fw0_output_r0_shadow ...	0.09341740608215332
2277
internal_ws1_eth0_in_shadow ...	0.08820414543151855
2278
internal_ws1_fw0_accept_r0_shadow ...	0.09492754936218262
2278
dmz_file_fw0_accept_r0_reach ...	0.09635496139526367
2277
internal_ws4_fw0_input_r0_reach ...	0.09704446792602539
2277
internal_ws1_eth0_out_shadow ...	0.08930492401123047
2278
dmz_vpn_eth0_out_shadow ...	0.09031343460083008
2278
internal_ws6_eth0_out_reach ...	0.09545111656188965
2277
internal_ws4_fw0_input_r0_shadow ...	0.09709310531616211
2278
dmz_gateway_fw0_accept_r0_reach ...	0.08871269226074219
2277
internal_ws8_eth0_in_reach ...	0.09451889991760254
2277
internal_ws6_fw0_accept_r0_shadow ...	0.0926969051361084
2278
dmz_voip_fw0_drop_r0_reach ...	0.08944964408874512
2277
cross ...	0.09694480895996094
2278
dmz_www_fw0_accept_r0_shadow ...	0.10059428215026855
2278
internal_ws2_fw0_input_r0_accept_shadow ...	0.0979461669921875
2278
internal_ws7_fw0_output_r0_shadow ...	0.09508466720581055
2277
internal_gateway_fw0_forward_r1_reach ...	0.09009218215942383
2277
dmz_mail_fw0_drop_r0_shadow ...	0.09583258628845215
2278
internal_ws0_fw0_input_r0_shadow ...	0.09011411666870117
2278
internal_ws6_fw0_input_r0_reach ...	0.08916687965393066
2277
dmz_vpn_fw0_output_r0_reach ...	0.08986067771911621
2276
internal_gateway_eth1_out_shadow ...	0.09126830101013184
2278
internal_ws6_fw0_input_r0_shadow ...	0.09652471542358398
2278
internal_gateway_fw0_input_r0_accept_shadow ...	0.08871865272521973
2278
internal_ws6_eth0_in_reach ...	0.09433794021606445
2277
internet_provider_fw0_output_r0_shadow ...	0.1451246738433838
2277
internal_ws6_fw0_input_r0_accept_shadow ...	0.0981740951538086
2278
border_gateway_fw0_accept_r0_reach ...	0.08843755722045898
2277
internal_ws8_fw0_input_r0_reach ...	0.08869314193725586
2277
border_gateway_fw0_forward_r0_shadow ...	0.09000635147094727
2278
internal_ws3_eth0_in_reach ...	0.09004569053649902
2277
internal_ws8_fw0_input_r0_accept_reach ...	0.09363794326782227
2277
internet_provider_fw0_accept_r0_reach ...	0.09015130996704102
2277
dmz_gateway_eth1_in_shadow ...	0.08834338188171387
2278
dmz_gateway_fw0_forward_r3_shadow ...	0.09000849723815918
2278
internal_gateway_fw0_input_r0_accept_reach ...	0.10499835014343262
2277
dmz_mail_eth0_out_shadow ...	0.08930516242980957
2278
internal_ws5_fw0_accept_r0_reach ...	0.08939123153686523
2277
border_gateway_fw0_accept_r0_shadow ...	0.09587240219116211
2278
internal_ws9_eth0_in_reach ...	0.10186576843261719
2277
border_gateway_ppp0_in_shadow ...	0.1324474811553955
2278
internal_gateway_fw0_accept_r0_reach ...	0.12733244895935059
2277
internal_ws4_eth0_in_reach ...	0.09961223602294922
2277
dmz_mail_fw0_output_r0_reach ...	0.08922934532165527
2276
internal_ws3_fw0_input_r0_accept_shadow ...	0.08933234214782715
2278
internet_provider_ppp0_in_shadow ...	0.0910348892211914
2278
dmz_voip_eth0_in_reach ...	0.09006357192993164
2277
internet_provider_fw0_accept_r0_shadow ...	0.09024238586425781
2278
dmz_gateway_fw0_input_r1_shadow ...	0.0962076187133789
2278
internal_ws2_eth0_in_reach ...	0.09677696228027344
2277
internal_ws5_fw0_input_r0_accept_shadow ...	0.09052753448486328
2278
internal_ws3_fw0_input_r0_shadow ...	0.08981943130493164
2278
internal_gateway_fw0_forward_r0_reach ...	0.09266376495361328
2277
internal_ws8_fw0_input_r0_accept_shadow ...	0.08914637565612793
2278
internal_ws4_fw0_input_r0_accept_shadow ...	0.0886080265045166
2278
internal_ws9_fw0_accept_r0_shadow ...	0.09715056419372559
2278
dmz_gateway_fw0_input_r0_shadow ...	0.10602450370788574
2278
dmz_www_fw0_input_r0_accept_reach ...	0.10051774978637695
2277
internal_ws1_eth0_out_reach ...	0.09212422370910645
2277
dmz_www_fw0_input_r0_shadow ...	0.09291911125183105
2278
border_gateway_ppp0_out_reach ...	0.09213829040527344
2277
dmz_www_fw0_output_r0_reach ...	0.09062743186950684
2276
dmz_file_fw0_input_r0_accept_shadow ...	0.08947896957397461
2278
internal_ws4_eth0_out_shadow ...	0.09338927268981934
2278
internal_ws7_fw0_output_r0_reach ...	0.08843421936035156
2276
dmz_www_fw0_input_r0_reach ...	0.08885836601257324
2277
internal_ws5_eth0_out_reach ...	0.08959531784057617
2277
internet_provider_ppp0_out_reach ...	0.0896294116973877
2277
internal_gateway_eth0_in_reach ...	0.09531283378601074
2277
internal_gateway_eth1_in_shadow ...	0.09366536140441895
2278
dmz_mail_fw0_drop_r0_reach ...	0.09592413902282715
2277
border_gateway_eth0_in_shadow ...	0.08571362495422363
2278
dmz_gateway_fw0_output_r0_reach ...	0.09439563751220703
2276
dmz_gateway_fw0_forward_r4_shadow ...	0.09273719787597656
2278
internal_gateway_fw0_input_r1_shadow ...	0.09313774108886719
2278
dmz_voip_fw0_input_r0_shadow ...	0.09414339065551758
2278
dmz_vpn_fw0_output_r0_shadow ...	0.09874224662780762
2277
internal_ws5_fw0_accept_r0_shadow ...	0.09088492393493652
2278
dmz_gateway_fw0_forward_r1_reach ...	0.08856630325317383
2277
internal_ws0_fw0_accept_r0_shadow ...	0.09598731994628906
2278
internal_gateway_fw0_input_r1_reach ...	0.09551811218261719
2277
internal_ws3_eth0_out_reach ...	0.0885310173034668
2277
internal_ws2_fw0_input_r0_reach ...	0.08849239349365234
2277
dmz_file_fw0_input_r0_accept_reach ...	0.10514688491821289
2277
internal_gateway_eth1_in_reach ...	0.13242506980895996
2277
internal_ws0_eth0_in_reach ...	0.10411953926086426
2277
border_gateway_eth0_out_shadow ...	0.13027596473693848
2278
dmz_vpn_eth0_out_reach ...	0.11199164390563965
2277
dmz_gateway_fw0_forward_r4_reach ...	0.11112523078918457
2277
internal_ws3_fw0_accept_r0_reach ...	0.11476874351501465
2277
dmz_voip_fw0_output_r0_reach ...	0.1116485595703125
2276
dmz_mail_fw0_input_r0_reach ...	0.1125192642211914
2277
dmz_gateway_eth1_out_shadow ...	0.13567614555358887
2278
internal_ws8_fw0_output_r0_shadow ...	0.1194605827331543
2277
internal_ws8_fw0_accept_r0_reach ...	0.09001541137695312
2277
dmz_vpn_fw0_input_r0_accept_shadow ...	0.08872270584106445
2278
dmz_gateway_eth0_in_reach ...	0.09073543548583984
2277
internal_gateway_fw0_accept_r0_shadow ...	0.08984017372131348
2278
dmz_mail_fw0_output_r0_shadow ...	0.0898430347442627
2277
internal_gateway_fw0_forward_r1_shadow ...	0.08970165252685547
2278
internal_gateway_fw0_output_r0_shadow ...	0.09655356407165527
2277
internal_ws2_fw0_input_r0_shadow ...	0.09672737121582031
2278
dmz_www_eth0_in_reach ...	0.08953356742858887
2277
internal_ws3_fw0_input_r0_accept_reach ...	0.09472441673278809
2277
cycle ...	0.09885811805725098
2426
internal_ws5_eth0_in_shadow ...	0.08784675598144531
2278
dmz_gateway_fw0_forward_r3_reach ...	0.09370970726013184
2277
dmz_gateway_fw0_drop_r0_shadow ...	0.09398961067199707
2278
internet_provider_fw0_output_r0_reach ...	0.09309697151184082
2276
internal_gateway_eth0_out_reach ...	0.08907365798950195
2277
border_gateway_eth0_out_reach ...	0.0895695686340332
2277
dmz_gateway_fw0_forward_r0_shadow ...	0.09519386291503906
2278
dmz_www_fw0_accept_r0_reach ...	0.09578585624694824
2277
internal_gateway_eth0_in_shadow ...	0.08579134941101074
2278
internal_ws5_eth0_in_reach ...	0.0894002914428711
2277
dmz_vpn_eth0_in_reach ...	0.09309267997741699
2277
internal_ws7_fw0_input_r0_reach ...	0.08923459053039551
2277
dmz_mail_fw0_accept_r0_shadow ...	0.09133672714233398
2278
dmz_www_fw0_output_r0_shadow ...	0.0964508056640625
2277
internal_ws3_fw0_output_r0_shadow ...	0.10341334342956543
2277
internal_ws2_fw0_accept_r0_shadow ...	0.12215471267700195
2278
internal_ws9_fw0_input_r0_accept_shadow ...	0.09210515022277832
2278
border_gateway_ppp0_in_reach ...	0.09650301933288574
2277
internal_ws9_eth0_out_shadow ...	0.08992600440979004
2278
internal_ws9_fw0_input_r0_accept_reach ...	0.10288262367248535
2277
dmz_vpn_fw0_input_r1_shadow ...	0.09134817123413086
2278
internal_ws4_eth0_in_shadow ...	0.09780716896057129
2278
dmz_voip_fw0_input_r0_accept_reach ...	0.09897947311401367
2277
internal_ws0_fw0_input_r0_accept_reach ...	0.12663555145263672
2277
dmz_file_fw0_output_r0_reach ...	0.1479663848876953
2276
dmz_voip_fw0_drop_r0_shadow ...	0.15723729133605957
2278
internal_ws6_fw0_accept_r0_reach ...	0.10209131240844727
2277
internal_ws4_fw0_accept_r0_shadow ...	0.08977627754211426
2278
dmz_vpn_fw0_drop_r0_shadow ...	0.08887696266174316
2278
dmz_gateway_fw0_forward_r5_reach ...	0.09113717079162598
2277
internal_ws2_eth0_out_reach ...	0.08928251266479492
2277
dmz_file_fw0_input_r0_reach ...	0.08985352516174316
2277
dmz_file_eth0_in_shadow ...	0.09733104705810547
2278
internet_provider_ppp0_in_reach ...	0.08989691734313965
2277
internal_ws3_fw0_accept_r0_shadow ...	0.0899648666381836
2278
internal_ws8_fw0_input_r0_shadow ...	0.09590601921081543
2278
internal_ws1_fw0_input_r0_accept_reach ...	0.08849000930786133
2277
dmz_voip_fw0_input_r0_reach ...	0.0894322395324707
2277
internal_ws1_fw0_input_r0_accept_shadow ...	0.08988118171691895
2278
dmz_gateway_fw0_forward_r1_shadow ...	0.08910608291625977
2278
dmz_vpn_fw0_accept_r0_reach ...	0.09080076217651367
2277
internal_ws0_fw0_accept_r0_reach ...	0.10513925552368164
2277
internal_ws5_fw0_input_r0_reach ...	0.08889603614807129
2277
dmz_mail_eth0_in_shadow ...	0.09021115303039551
2278
internal_ws1_fw0_output_r0_shadow ...	0.09303402900695801
2277
internal_ws7_eth0_out_reach ...	0.10180115699768066
2277
internal_ws1_fw0_accept_r0_reach ...	0.09866499900817871
2277
Solving total ...	26.845950841903687
Amount of rules: 139
Average Solving: 0.09517452528150819
Median Solving: 0.0913624763489
Max Deviation: 0.052791859606187125
Standard Deviation: 0.00983514926722
