 SIZE   RSS    VSZ
 1488  5212  20912
 3128  7108  22552
18948 31300 161512
22584 36260 176788
26984 40748 181188
28568 42596 182772
29104 43124 183308
29512 43388 183716
29792 43652 183996
29924 43904 184128
34668 48632 188872
34668 48660 188872
35056 48980 189260
35056 49072 189260
35444 49384 189648
35832 49760 190036
36088 50016 190292
36220 50224 190424
36864 50600 191068
36864 50820 191068
37252 51028 191456
37640 51540 191844
37772 51760 191976
38160 52092 192364
38416 52184 192620
38548 52448 192752
38548 52560 192752
38936 52940 193140
39192 53192 193396
39580 53368 193784
39712 53716 193916
39968 53744 194172
40100 54072 194304
40356 54292 194560
40488 54432 194692
40744 54668 194948
40876 54884 195080
41264 55228 195468
41520 55512 195724
41652 55576 195856
41652 55640 195856
41908 55684 196112
42296 56216 196500
42296 56244 196500
42684 56416 196888
42684 56592 196888
42816 56724 197020
43072 56844 197276
43204 57196 197408
43204 57220 197408
43592 57532 197796
43848 57788 198052
