 1488  5212  20912 0.0
 3128  7108  22552 0.2
18948 31300 161512 0.4
22584 36260 176788 0.6
26984 40748 181188 0.8
28568 42596 182772 1.0
29104 43124 183308 1.2
29512 43388 183716 1.4
29792 43652 183996 1.6
29924 43904 184128 1.8
34668 48632 188872 2.0
34668 48660 188872 2.2
35056 48980 189260 2.4
35056 49072 189260 2.6
35444 49384 189648 2.8
35832 49760 190036 3.0
36088 50016 190292 3.2
36220 50224 190424 3.4
36864 50600 191068 3.6
36864 50820 191068 3.8
37252 51028 191456 4.0
37640 51540 191844 4.2
37772 51760 191976 4.4
38160 52092 192364 4.6
38416 52184 192620 4.8
38548 52448 192752 5.0
38548 52560 192752 5.2
38936 52940 193140 5.4
39192 53192 193396 5.6
39580 53368 193784 5.8
39712 53716 193916 6.0
39968 53744 194172 6.2
40100 54072 194304 6.4
40356 54292 194560 6.6
40488 54432 194692 6.8
40744 54668 194948 7.0
40876 54884 195080 7.2
41264 55228 195468 7.4
41520 55512 195724 7.6
41652 55576 195856 7.8
41652 55640 195856 8.0
41908 55684 196112 8.2
42296 56216 196500 8.4
42296 56244 196500 8.6
42684 56416 196888 8.8
42684 56592 196888 9.0
42816 56724 197020 9.2
43072 56844 197276 9.4
43204 57196 197408 9.6
43204 57220 197408 9.8
43592 57532 197796 10.0
43848 57788 198052 10.2
